<?xml version="1.0" encoding="UTF-8"?>
<!-- Generated by org.testng.reporters.JUnitReportReporter -->
<testsuite hostname="DESKTOP-QT9BPKR" failures="0" tests="1" name="scripts.TestCase1" time="58.529" errors="0" timestamp="2023-09-06T10:43:49 IST" skipped="0">
  <testcase classname="scripts.TestCase1" name="tc1" time="58.529"/>
</testsuite> <!-- scripts.TestCase1 -->
