<?xml version="1.0" encoding="UTF-8"?>
<!-- Generated by org.testng.reporters.JUnitReportReporter -->
<testsuite hostname="DESKTOP-QT9BPKR" failures="0" tests="1" name="scripts.TestCase2" time="13.932" errors="0" timestamp="2023-09-06T10:58:58 IST" skipped="0">
  <testcase classname="scripts.TestCase2" name="tc2" time="13.932"/>
</testsuite> <!-- scripts.TestCase2 -->
